"C:/Users/wdo/Documents/Unreal/projet/Content/StarterContent/Textures/T_MacroVariation.uasset" 0
"C:/Users/wdo/Documents/Unreal/projet/Content/StarterContent/Textures/T_MacroVariation.uexp" 1
"C:/Users/wdo/Documents/Unreal/projet/Content/StarterContent/Textures/T_Rock_Basalt_N.uasset" 2
"C:/Users/wdo/Documents/Unreal/projet/Content/StarterContent/Textures/T_Rock_Basalt_N.uexp" 3
"C:/Users/wdo/Documents/Unreal/projet/Content/StarterContent/Textures/T_Rock_Basalt_N.ubulk" 4
"C:/Users/wdo/Documents/Unreal/projet/Content/StarterContent/Textures/T_Rock_Basalt_D.uasset" 5
"C:/Users/wdo/Documents/Unreal/projet/Content/StarterContent/Textures/T_Rock_Basalt_D.uexp" 6
"C:/Users/wdo/Documents/Unreal/projet/Content/StarterContent/Textures/T_Rock_Basalt_D.ubulk" 7
"C:/Users/wdo/Documents/Unreal/projet/Content/StarterContent/Textures/T_Perlin_Noise_M.uasset" 8
"C:/Users/wdo/Documents/Unreal/projet/Content/StarterContent/Textures/T_Perlin_Noise_M.uexp" 9
"C:/Users/wdo/Documents/Unreal/projet/Content/StarterContent/Textures/T_Perlin_Noise_M.ubulk" 10
"C:/Users/wdo/Documents/Unreal/projet/Content/StarterContent/Materials/M_Rock_Basalt.uasset" 11
"C:/Users/wdo/Documents/Unreal/projet/Content/StarterContent/Materials/M_Rock_Basalt.uexp" 12
"C:/Users/wdo/Documents/Unreal/projet/Content/StarterContent/Textures/T_CobbleStone_Rough_N.uasset" 13
"C:/Users/wdo/Documents/Unreal/projet/Content/StarterContent/Textures/T_CobbleStone_Rough_N.uexp" 14
"C:/Users/wdo/Documents/Unreal/projet/Content/StarterContent/Textures/T_CobbleStone_Rough_N.ubulk" 15
"C:/Users/wdo/Documents/Unreal/projet/Content/StarterContent/Textures/T_CobbleStone_Rough_D.uasset" 16
"C:/Users/wdo/Documents/Unreal/projet/Content/StarterContent/Textures/T_CobbleStone_Rough_D.uexp" 17
"C:/Users/wdo/Documents/Unreal/projet/Content/StarterContent/Textures/T_CobbleStone_Rough_D.ubulk" 18
"C:/Users/wdo/Documents/Unreal/projet/Content/StarterContent/Textures/T_Rock_Smooth_Granite_D.uasset" 19
"C:/Users/wdo/Documents/Unreal/projet/Content/StarterContent/Textures/T_Rock_Smooth_Granite_D.uexp" 20
"C:/Users/wdo/Documents/Unreal/projet/Content/StarterContent/Textures/T_Rock_Smooth_Granite_D.ubulk" 21
"C:/Users/wdo/Documents/Unreal/projet/Content/StarterContent/Textures/T_Gradinet_01.uasset" 22
"C:/Users/wdo/Documents/Unreal/projet/Content/StarterContent/Textures/T_Gradinet_01.uexp" 23
"C:/Users/wdo/Documents/Unreal/projet/Content/StarterContent/Textures/T_Gradinet_01.ubulk" 24
"C:/Users/wdo/Documents/Unreal/projet/Content/StarterContent/Materials/M_CobbleStone_Rough.uasset" 25
"C:/Users/wdo/Documents/Unreal/projet/Content/StarterContent/Materials/M_CobbleStone_Rough.uexp" 26
"C:/Users/wdo/Documents/Unreal/projet/Content/projetUniv/portail/indicateurPortail.uasset" 27
"C:/Users/wdo/Documents/Unreal/projet/Content/projetUniv/portail/indicateurPortail.uexp" 28
"../../../Engine/Content/EngineMaterials/T_Default_Material_Grid_N.uasset" 29
"../../../Engine/Content/EngineMaterials/T_Default_Material_Grid_N.uexp" 30
"../../../Engine/Content/EngineMaterials/T_Default_Material_Grid_N.ubulk" 31
"../../../Engine/Content/EngineMaterials/T_Default_Material_Grid_M.uasset" 32
"../../../Engine/Content/EngineMaterials/T_Default_Material_Grid_M.uexp" 33
"../../../Engine/Content/EngineMaterials/T_Default_Material_Grid_M.ubulk" 34
"../../../Engine/Content/Functions/Engine_MaterialFunctions01/Opacity/CameraDepthFade.uasset" 35
"../../../Engine/Content/Functions/Engine_MaterialFunctions01/Opacity/CameraDepthFade.uexp" 36
"../../../Engine/Content/EngineMaterials/DefaultMaterial.uasset" 37
"../../../Engine/Content/EngineMaterials/DefaultMaterial.uexp" 38
"../../../Engine/Content/BasicShapes/Cylinder.uasset" 39
"../../../Engine/Content/BasicShapes/Cylinder.uexp" 40
"../../../Engine/Content/BasicShapes/Cone.uasset" 41
"../../../Engine/Content/BasicShapes/Cone.uexp" 42
"../../../Engine/Content/BasicShapes/BasicShapeMaterial.uasset" 43
"../../../Engine/Content/BasicShapes/BasicShapeMaterial.uexp" 44
"C:/Users/wdo/Documents/Unreal/projet/Content/projetUniv/ile/herbe/NewMaterial.uasset" 45
"C:/Users/wdo/Documents/Unreal/projet/Content/projetUniv/ile/herbe/NewMaterial.uexp" 46
"C:/Users/wdo/Documents/Unreal/projet/Content/StarterContent/Textures/T_Ground_Grass_N.uasset" 47
"C:/Users/wdo/Documents/Unreal/projet/Content/StarterContent/Textures/T_Ground_Grass_N.uexp" 48
"C:/Users/wdo/Documents/Unreal/projet/Content/StarterContent/Textures/T_Ground_Grass_N.ubulk" 49
"C:/Users/wdo/Documents/Unreal/projet/Content/StarterContent/Textures/T_Ground_Grass_D.uasset" 50
"C:/Users/wdo/Documents/Unreal/projet/Content/StarterContent/Textures/T_Ground_Grass_D.uexp" 51
"C:/Users/wdo/Documents/Unreal/projet/Content/StarterContent/Textures/T_Ground_Grass_D.ubulk" 52
"C:/Users/wdo/Documents/Unreal/projet/Content/StarterContent/Materials/M_Ground_Grass.uasset" 53
"C:/Users/wdo/Documents/Unreal/projet/Content/StarterContent/Materials/M_Ground_Grass.uexp" 54
"C:/Users/wdo/Documents/Unreal/projet/Content/StarterContent/Textures/T_Metal_Rust_N.uasset" 55
"C:/Users/wdo/Documents/Unreal/projet/Content/StarterContent/Textures/T_Metal_Rust_N.uexp" 56
"C:/Users/wdo/Documents/Unreal/projet/Content/StarterContent/Textures/T_Metal_Rust_N.ubulk" 57
"C:/Users/wdo/Documents/Unreal/projet/Content/StarterContent/Textures/T_Metal_Rust_D.uasset" 58
"C:/Users/wdo/Documents/Unreal/projet/Content/StarterContent/Textures/T_Metal_Rust_D.uexp" 59
"C:/Users/wdo/Documents/Unreal/projet/Content/StarterContent/Textures/T_Metal_Rust_D.ubulk" 60
"../../../Engine/Content/Functions/Engine_MaterialFunctions02/Utility/BlendAngleCorrectedNormals.uasset" 61
"../../../Engine/Content/Functions/Engine_MaterialFunctions02/Utility/BlendAngleCorrectedNormals.uexp" 62
"C:/Users/wdo/Documents/Unreal/projet/Content/StarterContent/Materials/M_Metal_Rust.uasset" 63
"C:/Users/wdo/Documents/Unreal/projet/Content/StarterContent/Materials/M_Metal_Rust.uexp" 64
"C:/Users/wdo/Documents/Unreal/projet/Content/projetUniv/ile/ile_model.uasset" 65
"C:/Users/wdo/Documents/Unreal/projet/Content/projetUniv/ile/ile_model.uexp" 66
"C:/Users/wdo/Documents/Unreal/projet/Content/projetUniv/ile/herbe/herbe.uasset" 67
"C:/Users/wdo/Documents/Unreal/projet/Content/projetUniv/ile/herbe/herbe.uexp" 68
"C:/Users/wdo/Documents/Unreal/projet/Content/projetUniv/ile/ile.uasset" 69
"C:/Users/wdo/Documents/Unreal/projet/Content/projetUniv/ile/ile.uexp" 70
"../../../Engine/Content/EditorBlueprintResources/StandardMacros.uasset" 71
"../../../Engine/Content/EditorBlueprintResources/StandardMacros.uexp" 72
"C:/Users/wdo/Documents/Unreal/projet/Content/projetUniv/ile/herbe/generation_herbe.uasset" 73
"C:/Users/wdo/Documents/Unreal/projet/Content/projetUniv/ile/herbe/generation_herbe.uexp" 74
"C:/Users/wdo/Documents/Unreal/projet/Content/projetUniv/portail/portail_mobile.uasset" 75
"C:/Users/wdo/Documents/Unreal/projet/Content/projetUniv/portail/portail_mobile.uexp" 76
"C:/Users/wdo/Documents/Unreal/projet/Content/projetUniv/perso/material/casque.uasset" 77
"C:/Users/wdo/Documents/Unreal/projet/Content/projetUniv/perso/material/casque.uexp" 78
"C:/Users/wdo/Documents/Unreal/projet/Content/projetUniv/perso/yeux/yeux2.uasset" 79
"C:/Users/wdo/Documents/Unreal/projet/Content/projetUniv/perso/yeux/yeux2.uexp" 80
"C:/Users/wdo/Documents/Unreal/projet/Content/projetUniv/perso/yeux/NewPaperSprite1.uasset" 81
"C:/Users/wdo/Documents/Unreal/projet/Content/projetUniv/perso/yeux/NewPaperSprite1.uexp" 82
"C:/Users/wdo/Documents/Unreal/projet/Content/projetUniv/perso/yeux/yeux.uasset" 83
"C:/Users/wdo/Documents/Unreal/projet/Content/projetUniv/perso/yeux/yeux.uexp" 84
"C:/Users/wdo/Documents/Unreal/projet/Content/projetUniv/perso/yeux/NewPaperSprite.uasset" 85
"C:/Users/wdo/Documents/Unreal/projet/Content/projetUniv/perso/yeux/NewPaperSprite.uexp" 86
"C:/Users/wdo/Documents/Unreal/projet/Content/projetUniv/perso/modele/perso_PhysicsAsset.uasset" 87
"C:/Users/wdo/Documents/Unreal/projet/Content/projetUniv/perso/modele/perso_PhysicsAsset.uexp" 88
"C:/Users/wdo/Documents/Unreal/projet/Content/projetUniv/perso/material/Material.uasset" 89
"C:/Users/wdo/Documents/Unreal/projet/Content/projetUniv/perso/material/Material.uexp" 90
"C:/Users/wdo/Documents/Unreal/projet/Content/projetUniv/perso/material/museau.uasset" 91
"C:/Users/wdo/Documents/Unreal/projet/Content/projetUniv/perso/material/museau.uexp" 92
"C:/Users/wdo/Documents/Unreal/projet/Content/projetUniv/perso/material/Material_001.uasset" 93
"C:/Users/wdo/Documents/Unreal/projet/Content/projetUniv/perso/material/Material_001.uexp" 94
"C:/Users/wdo/Documents/Unreal/projet/Content/projetUniv/perso/material/gants.uasset" 95
"C:/Users/wdo/Documents/Unreal/projet/Content/projetUniv/perso/material/gants.uexp" 96
"C:/Users/wdo/Documents/Unreal/projet/Content/projetUniv/perso/material/bottes.uasset" 97
"C:/Users/wdo/Documents/Unreal/projet/Content/projetUniv/perso/material/bottes.uexp" 98
"C:/Users/wdo/Documents/Unreal/projet/Content/projetUniv/perso/modele/perso_Skeleton.uasset" 99
"C:/Users/wdo/Documents/Unreal/projet/Content/projetUniv/perso/modele/perso_Skeleton.uexp" 100
"C:/Users/wdo/Documents/Unreal/projet/Content/projetUniv/perso/modele/perso.uasset" 101
"C:/Users/wdo/Documents/Unreal/projet/Content/projetUniv/perso/modele/perso.uexp" 102
"../../../Engine/Content/Animation/DefaultAnimCurveCompressionSettings.uasset" 103
"../../../Engine/Content/Animation/DefaultAnimCurveCompressionSettings.uexp" 104
"../../../Engine/Content/Animation/DefaultAnimBoneCompressionSettings.uasset" 105
"../../../Engine/Content/Animation/DefaultAnimBoneCompressionSettings.uexp" 106
"C:/Users/wdo/Documents/Unreal/projet/Content/projetUniv/perso/animation/perso_Anim_Armature_run.uasset" 107
"C:/Users/wdo/Documents/Unreal/projet/Content/projetUniv/perso/animation/perso_Anim_Armature_run.uexp" 108
"C:/Users/wdo/Documents/Unreal/projet/Content/projetUniv/perso/animation/perso_Anim_Armature_pose.uasset" 109
"C:/Users/wdo/Documents/Unreal/projet/Content/projetUniv/perso/animation/perso_Anim_Armature_pose.uexp" 110
"C:/Users/wdo/Documents/Unreal/projet/Content/projetUniv/perso/animation/persoBlend.uasset" 111
"C:/Users/wdo/Documents/Unreal/projet/Content/projetUniv/perso/animation/persoBlend.uexp" 112
"C:/Users/wdo/Documents/Unreal/projet/Content/projetUniv/perso/animation/perso_Anim_Armature_saut.uasset" 113
"C:/Users/wdo/Documents/Unreal/projet/Content/projetUniv/perso/animation/perso_Anim_Armature_saut.uexp" 114
"C:/Users/wdo/Documents/Unreal/projet/Content/projetUniv/perso/animation/persoAnim.uasset" 115
"C:/Users/wdo/Documents/Unreal/projet/Content/projetUniv/perso/animation/persoAnim.uexp" 116
"C:/Users/wdo/Documents/Unreal/projet/Content/projetUniv/perso/accessoires/Material_001.uasset" 117
"C:/Users/wdo/Documents/Unreal/projet/Content/projetUniv/perso/accessoires/Material_001.uexp" 118
"C:/Users/wdo/Documents/Unreal/projet/Content/projetUniv/perso/accessoires/chapeau.uasset" 119
"C:/Users/wdo/Documents/Unreal/projet/Content/projetUniv/perso/accessoires/chapeau.uexp" 120
"C:/Users/wdo/Documents/Unreal/projet/Content/projetUniv/perso/IA/patron.uasset" 121
"C:/Users/wdo/Documents/Unreal/projet/Content/projetUniv/perso/IA/patron.uexp" 122
"C:/Users/wdo/Documents/Unreal/projet/Content/StarterContent/Materials/M_Metal_Chrome.uasset" 123
"C:/Users/wdo/Documents/Unreal/projet/Content/StarterContent/Materials/M_Metal_Chrome.uexp" 124
"C:/Users/wdo/Documents/Unreal/projet/Content/StarterContent/Materials/M_Metal_Brushed_Nickel.uasset" 125
"C:/Users/wdo/Documents/Unreal/projet/Content/StarterContent/Materials/M_Metal_Brushed_Nickel.uexp" 126
"../../../Engine/Content/BasicShapes/Sphere.uasset" 127
"../../../Engine/Content/BasicShapes/Sphere.uexp" 128
"C:/Users/wdo/Documents/Unreal/projet/Content/projetUniv/sauvegarde/NewMaterial.uasset" 129
"C:/Users/wdo/Documents/Unreal/projet/Content/projetUniv/sauvegarde/NewMaterial.uexp" 130
"C:/Users/wdo/Documents/Unreal/projet/Content/projetUniv/sauvegarde/next.uasset" 131
"C:/Users/wdo/Documents/Unreal/projet/Content/projetUniv/sauvegarde/next.uexp" 132
"C:/Users/wdo/Documents/Unreal/projet/Content/projetUniv/perso/verification.uasset" 133
"C:/Users/wdo/Documents/Unreal/projet/Content/projetUniv/perso/verification.uexp" 134
"C:/Users/wdo/Documents/Unreal/projet/Content/projetUniv/perso/accessoires/casque_004.uasset" 135
"C:/Users/wdo/Documents/Unreal/projet/Content/projetUniv/perso/accessoires/casque_004.uexp" 136
"C:/Users/wdo/Documents/Unreal/projet/Content/projetUniv/perso/accessoires/casque.uasset" 137
"C:/Users/wdo/Documents/Unreal/projet/Content/projetUniv/perso/accessoires/casque.uexp" 138
"C:/Users/wdo/Documents/Unreal/projet/Content/projetUniv/perso/IA/ia.uasset" 139
"C:/Users/wdo/Documents/Unreal/projet/Content/projetUniv/perso/IA/ia.uexp" 140
"C:/Users/wdo/Documents/Unreal/projet/Content/projetUniv/perso/spawn.uasset" 141
"C:/Users/wdo/Documents/Unreal/projet/Content/projetUniv/perso/spawn.uexp" 142
"C:/Users/wdo/Documents/Unreal/projet/Content/projetUniv/interface/menu.uasset" 143
"C:/Users/wdo/Documents/Unreal/projet/Content/projetUniv/interface/menu.uexp" 144
"C:/Users/wdo/Documents/Unreal/projet/Content/projetUniv/interface/info_interface.uasset" 145
"C:/Users/wdo/Documents/Unreal/projet/Content/projetUniv/interface/info_interface.uexp" 146
"C:/Users/wdo/Documents/Unreal/projet/Content/projetUniv/interface/menu_interface_2.uasset" 147
"C:/Users/wdo/Documents/Unreal/projet/Content/projetUniv/interface/menu_interface_2.uexp" 148
"C:/Users/wdo/Documents/Unreal/projet/Content/projetUniv/interface/pause.uasset" 149
"C:/Users/wdo/Documents/Unreal/projet/Content/projetUniv/interface/pause.uexp" 150
"C:/Users/wdo/Documents/Unreal/projet/Content/projetUniv/interface/message.uasset" 151
"C:/Users/wdo/Documents/Unreal/projet/Content/projetUniv/interface/message.uexp" 152
"C:/Users/wdo/Documents/Unreal/projet/Content/projetUniv/sauvegarde/NewBlueprint.uasset" 153
"C:/Users/wdo/Documents/Unreal/projet/Content/projetUniv/sauvegarde/NewBlueprint.uexp" 154
"C:/Users/wdo/Documents/Unreal/projet/Content/projetUniv/interface/menu_interface.uasset" 155
"C:/Users/wdo/Documents/Unreal/projet/Content/projetUniv/interface/menu_interface.uexp" 156
"C:/Users/wdo/Documents/Unreal/projet/Content/projetUniv/perso/personage.uasset" 157
"C:/Users/wdo/Documents/Unreal/projet/Content/projetUniv/perso/personage.uexp" 158
"C:/Users/wdo/Documents/Unreal/projet/Content/projetUniv/portail/portail.uasset" 159
"C:/Users/wdo/Documents/Unreal/projet/Content/projetUniv/portail/portail.uexp" 160
"C:/Users/wdo/Documents/Unreal/projet/Content/projetUniv/ThirdPersonGameMode.uasset" 161
"C:/Users/wdo/Documents/Unreal/projet/Content/projetUniv/ThirdPersonGameMode.uexp" 162
"../../../Engine/Content/EngineMaterials/WorldGridMaterial.uasset" 163
"../../../Engine/Content/EngineMaterials/WorldGridMaterial.uexp" 164
"../../../Engine/Content/BasicShapes/Cube.uasset" 165
"../../../Engine/Content/BasicShapes/Cube.uexp" 166
"C:/Users/wdo/Documents/Unreal/projet/Content/StarterContent/Textures/T_Wood_Oak_N.uasset" 167
"C:/Users/wdo/Documents/Unreal/projet/Content/StarterContent/Textures/T_Wood_Oak_N.uexp" 168
"C:/Users/wdo/Documents/Unreal/projet/Content/StarterContent/Textures/T_Wood_Oak_N.ubulk" 169
"C:/Users/wdo/Documents/Unreal/projet/Content/StarterContent/Textures/T_Wood_Oak_D.uasset" 170
"C:/Users/wdo/Documents/Unreal/projet/Content/StarterContent/Textures/T_Wood_Oak_D.uexp" 171
"C:/Users/wdo/Documents/Unreal/projet/Content/StarterContent/Textures/T_Wood_Oak_D.ubulk" 172
"C:/Users/wdo/Documents/Unreal/projet/Content/StarterContent/Materials/M_Wood_Oak.uasset" 173
"C:/Users/wdo/Documents/Unreal/projet/Content/StarterContent/Materials/M_Wood_Oak.uexp" 174
"C:/Users/wdo/Documents/Unreal/projet/Content/StarterContent/Textures/T_Wood_Floor_Walnut_N.uasset" 175
"C:/Users/wdo/Documents/Unreal/projet/Content/StarterContent/Textures/T_Wood_Floor_Walnut_N.uexp" 176
"C:/Users/wdo/Documents/Unreal/projet/Content/StarterContent/Textures/T_Wood_Floor_Walnut_N.ubulk" 177
"C:/Users/wdo/Documents/Unreal/projet/Content/StarterContent/Textures/T_Wood_Floor_Walnut_M.uasset" 178
"C:/Users/wdo/Documents/Unreal/projet/Content/StarterContent/Textures/T_Wood_Floor_Walnut_M.uexp" 179
"C:/Users/wdo/Documents/Unreal/projet/Content/StarterContent/Textures/T_Wood_Floor_Walnut_M.ubulk" 180
"C:/Users/wdo/Documents/Unreal/projet/Content/StarterContent/Textures/T_Wood_Floor_Walnut_D.uasset" 181
"C:/Users/wdo/Documents/Unreal/projet/Content/StarterContent/Textures/T_Wood_Floor_Walnut_D.uexp" 182
"C:/Users/wdo/Documents/Unreal/projet/Content/StarterContent/Textures/T_Wood_Floor_Walnut_D.ubulk" 183
"C:/Users/wdo/Documents/Unreal/projet/Content/StarterContent/Materials/M_Wood_Floor_Walnut_Polished.uasset" 184
"C:/Users/wdo/Documents/Unreal/projet/Content/StarterContent/Materials/M_Wood_Floor_Walnut_Polished.uexp" 185
"C:/Users/wdo/Documents/Unreal/projet/Content/projetUniv/maison/batiment.uasset" 186
"C:/Users/wdo/Documents/Unreal/projet/Content/projetUniv/maison/batiment.uexp" 187
"C:/Users/wdo/Documents/Unreal/projet/Content/projetUniv/perso/animation/perso_Anim_Armature_Untitled_006.uasset" 188
"C:/Users/wdo/Documents/Unreal/projet/Content/projetUniv/perso/animation/perso_Anim_Armature_Untitled_006.uexp" 189
"C:/Users/wdo/Documents/Unreal/projet/Content/StarterContent/Audio/Collapse01.uasset" 190
"C:/Users/wdo/Documents/Unreal/projet/Content/StarterContent/Audio/Collapse01.uexp" 191
"C:/Users/wdo/Documents/Unreal/projet/Content/StarterContent/Audio/Collapse02.uasset" 192
"C:/Users/wdo/Documents/Unreal/projet/Content/StarterContent/Audio/Collapse02.uexp" 193
"C:/Users/wdo/Documents/Unreal/projet/Content/StarterContent/Audio/Collapse_Cue.uasset" 194
"C:/Users/wdo/Documents/Unreal/projet/Content/StarterContent/Audio/Collapse_Cue.uexp" 195
"C:/Users/wdo/Documents/Unreal/projet/Content/StarterContent/Audio/Explosion01.uasset" 196
"C:/Users/wdo/Documents/Unreal/projet/Content/StarterContent/Audio/Explosion01.uexp" 197
"C:/Users/wdo/Documents/Unreal/projet/Content/StarterContent/Audio/Explosion02.uasset" 198
"C:/Users/wdo/Documents/Unreal/projet/Content/StarterContent/Audio/Explosion02.uexp" 199
"C:/Users/wdo/Documents/Unreal/projet/Content/StarterContent/Audio/Explosion_Cue.uasset" 200
"C:/Users/wdo/Documents/Unreal/projet/Content/StarterContent/Audio/Explosion_Cue.uexp" 201
"C:/Users/wdo/Documents/Unreal/projet/Content/StarterContent/Audio/Fire01.uasset" 202
"C:/Users/wdo/Documents/Unreal/projet/Content/StarterContent/Audio/Fire01.uexp" 203
"C:/Users/wdo/Documents/Unreal/projet/Content/StarterContent/Audio/Fire01_Cue.uasset" 204
"C:/Users/wdo/Documents/Unreal/projet/Content/StarterContent/Audio/Fire01_Cue.uexp" 205
"C:/Users/wdo/Documents/Unreal/projet/Content/StarterContent/Audio/Fire_Sparks01.uasset" 206
"C:/Users/wdo/Documents/Unreal/projet/Content/StarterContent/Audio/Fire_Sparks01.uexp" 207
"C:/Users/wdo/Documents/Unreal/projet/Content/StarterContent/Audio/Fire_Sparks01_Cue.uasset" 208
"C:/Users/wdo/Documents/Unreal/projet/Content/StarterContent/Audio/Fire_Sparks01_Cue.uexp" 209
"C:/Users/wdo/Documents/Unreal/projet/Content/StarterContent/Audio/Light01.uasset" 210
"C:/Users/wdo/Documents/Unreal/projet/Content/StarterContent/Audio/Light01.uexp" 211
"C:/Users/wdo/Documents/Unreal/projet/Content/StarterContent/Audio/Light01_Cue.uasset" 212
"C:/Users/wdo/Documents/Unreal/projet/Content/StarterContent/Audio/Light01_Cue.uexp" 213
"C:/Users/wdo/Documents/Unreal/projet/Content/StarterContent/Audio/Light02.uasset" 214
"C:/Users/wdo/Documents/Unreal/projet/Content/StarterContent/Audio/Light02.uexp" 215
"C:/Users/wdo/Documents/Unreal/projet/Content/StarterContent/Audio/Light02_Cue.uasset" 216
"C:/Users/wdo/Documents/Unreal/projet/Content/StarterContent/Audio/Light02_Cue.uexp" 217
"C:/Users/wdo/Documents/Unreal/projet/Content/StarterContent/Audio/Smoke01.uasset" 218
"C:/Users/wdo/Documents/Unreal/projet/Content/StarterContent/Audio/Smoke01.uexp" 219
"C:/Users/wdo/Documents/Unreal/projet/Content/StarterContent/Audio/Smoke01_Cue.uasset" 220
"C:/Users/wdo/Documents/Unreal/projet/Content/StarterContent/Audio/Smoke01_Cue.uexp" 221
"C:/Users/wdo/Documents/Unreal/projet/Content/StarterContent/Audio/Starter_Birds01.uasset" 222
"C:/Users/wdo/Documents/Unreal/projet/Content/StarterContent/Audio/Starter_Birds01.uexp" 223
"C:/Users/wdo/Documents/Unreal/projet/Content/StarterContent/Audio/Starter_Music01.uasset" 224
"C:/Users/wdo/Documents/Unreal/projet/Content/StarterContent/Audio/Starter_Music01.uexp" 225
"C:/Users/wdo/Documents/Unreal/projet/Content/StarterContent/Audio/Starter_Music_Cue.uasset" 226
"C:/Users/wdo/Documents/Unreal/projet/Content/StarterContent/Audio/Starter_Music_Cue.uexp" 227
"C:/Users/wdo/Documents/Unreal/projet/Content/StarterContent/Audio/Starter_Wind05.uasset" 228
"C:/Users/wdo/Documents/Unreal/projet/Content/StarterContent/Audio/Starter_Wind05.uexp" 229
"C:/Users/wdo/Documents/Unreal/projet/Content/StarterContent/Audio/Starter_Wind06.uasset" 230
"C:/Users/wdo/Documents/Unreal/projet/Content/StarterContent/Audio/Starter_Wind06.uexp" 231
"C:/Users/wdo/Documents/Unreal/projet/Content/StarterContent/Audio/Steam01.uasset" 232
"C:/Users/wdo/Documents/Unreal/projet/Content/StarterContent/Audio/Steam01.uexp" 233
"C:/Users/wdo/Documents/Unreal/projet/Content/StarterContent/Audio/Steam01_Cue.uasset" 234
"C:/Users/wdo/Documents/Unreal/projet/Content/StarterContent/Audio/Steam01_Cue.uexp" 235
"C:/Users/wdo/Documents/Unreal/projet/Content/StarterContent/Materials/M_Basic_Floor.uasset" 236
"C:/Users/wdo/Documents/Unreal/projet/Content/StarterContent/Materials/M_Basic_Floor.uexp" 237
"C:/Users/wdo/Documents/Unreal/projet/Content/StarterContent/Textures/T_Detail_Rocky_N.uasset" 238
"C:/Users/wdo/Documents/Unreal/projet/Content/StarterContent/Textures/T_Detail_Rocky_N.uexp" 239
"C:/Users/wdo/Documents/Unreal/projet/Content/StarterContent/Textures/T_Detail_Rocky_N.ubulk" 240
"C:/Users/wdo/Documents/Unreal/projet/Content/StarterContent/Textures/T_Brick_Hewn_Stone_N.uasset" 241
"C:/Users/wdo/Documents/Unreal/projet/Content/StarterContent/Textures/T_Brick_Hewn_Stone_N.uexp" 242
"C:/Users/wdo/Documents/Unreal/projet/Content/StarterContent/Textures/T_Brick_Hewn_Stone_N.ubulk" 243
"C:/Users/wdo/Documents/Unreal/projet/Content/StarterContent/Textures/T_Brick_Hewn_Stone_M.uasset" 244
"C:/Users/wdo/Documents/Unreal/projet/Content/StarterContent/Textures/T_Brick_Hewn_Stone_M.uexp" 245
"C:/Users/wdo/Documents/Unreal/projet/Content/StarterContent/Textures/T_Brick_Hewn_Stone_M.ubulk" 246
"C:/Users/wdo/Documents/Unreal/projet/Content/StarterContent/Textures/T_Brick_Hewn_Stone_D.uasset" 247
"C:/Users/wdo/Documents/Unreal/projet/Content/StarterContent/Textures/T_Brick_Hewn_Stone_D.uexp" 248
"C:/Users/wdo/Documents/Unreal/projet/Content/StarterContent/Textures/T_Brick_Hewn_Stone_D.ubulk" 249
"C:/Users/wdo/Documents/Unreal/projet/Content/StarterContent/Materials/M_Brick_Hewn_Stone.uasset" 250
"C:/Users/wdo/Documents/Unreal/projet/Content/StarterContent/Materials/M_Brick_Hewn_Stone.uexp" 251
"C:/Users/wdo/Documents/Unreal/projet/Content/StarterContent/Textures/T_CobbleStone_Pebble_N.uasset" 252
"C:/Users/wdo/Documents/Unreal/projet/Content/StarterContent/Textures/T_CobbleStone_Pebble_N.uexp" 253
"C:/Users/wdo/Documents/Unreal/projet/Content/StarterContent/Textures/T_CobbleStone_Pebble_N.ubulk" 254
"C:/Users/wdo/Documents/Unreal/projet/Content/StarterContent/Textures/T_CobbleStone_Pebble_M.uasset" 255
"C:/Users/wdo/Documents/Unreal/projet/Content/StarterContent/Textures/T_CobbleStone_Pebble_M.uexp" 256
"C:/Users/wdo/Documents/Unreal/projet/Content/StarterContent/Textures/T_CobbleStone_Pebble_M.ubulk" 257
"C:/Users/wdo/Documents/Unreal/projet/Content/StarterContent/Textures/T_CobbleStone_Pebble_D.uasset" 258
"C:/Users/wdo/Documents/Unreal/projet/Content/StarterContent/Textures/T_CobbleStone_Pebble_D.uexp" 259
"C:/Users/wdo/Documents/Unreal/projet/Content/StarterContent/Textures/T_CobbleStone_Pebble_D.ubulk" 260
"C:/Users/wdo/Documents/Unreal/projet/Content/StarterContent/Materials/M_CobbleStone_Pebble.uasset" 261
"C:/Users/wdo/Documents/Unreal/projet/Content/StarterContent/Materials/M_CobbleStone_Pebble.uexp" 262
"C:/Users/wdo/Documents/Unreal/projet/Content/StarterContent/Textures/T_Brick_Cut_Stone_D.uasset" 263
"C:/Users/wdo/Documents/Unreal/projet/Content/StarterContent/Textures/T_Brick_Cut_Stone_D.uexp" 264
"C:/Users/wdo/Documents/Unreal/projet/Content/StarterContent/Textures/T_Brick_Cut_Stone_D.ubulk" 265
"C:/Users/wdo/Documents/Unreal/projet/Content/StarterContent/Textures/T_Chair_N.uasset" 266
"C:/Users/wdo/Documents/Unreal/projet/Content/StarterContent/Textures/T_Chair_N.uexp" 267
"C:/Users/wdo/Documents/Unreal/projet/Content/StarterContent/Textures/T_Chair_N.ubulk" 268
"C:/Users/wdo/Documents/Unreal/projet/Content/StarterContent/Textures/T_ground_Moss_D.uasset" 269
"C:/Users/wdo/Documents/Unreal/projet/Content/StarterContent/Textures/T_ground_Moss_D.uexp" 270
"C:/Users/wdo/Documents/Unreal/projet/Content/StarterContent/Textures/T_ground_Moss_D.ubulk" 271
"C:/Users/wdo/Documents/Unreal/projet/Content/StarterContent/Textures/T_Ground_Moss_N.uasset" 272
"C:/Users/wdo/Documents/Unreal/projet/Content/StarterContent/Textures/T_Ground_Moss_N.uexp" 273
"C:/Users/wdo/Documents/Unreal/projet/Content/StarterContent/Textures/T_Ground_Moss_N.ubulk" 274
"C:/Users/wdo/Documents/Unreal/projet/Content/StarterContent/Textures/T_Lamp_N.uasset" 275
"C:/Users/wdo/Documents/Unreal/projet/Content/StarterContent/Textures/T_Lamp_N.uexp" 276
"C:/Users/wdo/Documents/Unreal/projet/Content/StarterContent/Textures/T_Lamp_N.ubulk" 277
"C:/Users/wdo/Documents/Unreal/projet/Content/StarterContent/Textures/T_Metal_Steel_D.uasset" 278
"C:/Users/wdo/Documents/Unreal/projet/Content/StarterContent/Textures/T_Metal_Steel_D.uexp" 279
"C:/Users/wdo/Documents/Unreal/projet/Content/StarterContent/Textures/T_Metal_Steel_D.ubulk" 280
"C:/Users/wdo/Documents/Unreal/projet/Content/StarterContent/Textures/T_Metal_Steel_N.uasset" 281
"C:/Users/wdo/Documents/Unreal/projet/Content/StarterContent/Textures/T_Metal_Steel_N.uexp" 282
"C:/Users/wdo/Documents/Unreal/projet/Content/StarterContent/Textures/T_Metal_Steel_N.ubulk" 283
"C:/Users/wdo/Documents/Unreal/projet/Content/StarterContent/Textures/T_RockMesh_N.uasset" 284
"C:/Users/wdo/Documents/Unreal/projet/Content/StarterContent/Textures/T_RockMesh_N.uexp" 285
"C:/Users/wdo/Documents/Unreal/projet/Content/StarterContent/Textures/T_RockMesh_N.ubulk" 286
"C:/Users/wdo/Documents/Unreal/projet/Content/StarterContent/Textures/T_Rock_Sandstone_D.uasset" 287
"C:/Users/wdo/Documents/Unreal/projet/Content/StarterContent/Textures/T_Rock_Sandstone_D.uexp" 288
"C:/Users/wdo/Documents/Unreal/projet/Content/StarterContent/Textures/T_Rock_Sandstone_D.ubulk" 289
"C:/Users/wdo/Documents/Unreal/projet/Content/StarterContent/Textures/T_Rock_Sandstone_N.uasset" 290
"C:/Users/wdo/Documents/Unreal/projet/Content/StarterContent/Textures/T_Rock_Sandstone_N.uexp" 291
"C:/Users/wdo/Documents/Unreal/projet/Content/StarterContent/Textures/T_Rock_Sandstone_N.ubulk" 292
"C:/Users/wdo/Documents/Unreal/projet/Content/StarterContent/Textures/T_Rock_Slate_D.uasset" 293
"C:/Users/wdo/Documents/Unreal/projet/Content/StarterContent/Textures/T_Rock_Slate_D.uexp" 294
"C:/Users/wdo/Documents/Unreal/projet/Content/StarterContent/Textures/T_Rock_Slate_D.ubulk" 295
"C:/Users/wdo/Documents/Unreal/projet/Content/StarterContent/Textures/T_Rock_Slate_N.uasset" 296
"C:/Users/wdo/Documents/Unreal/projet/Content/StarterContent/Textures/T_Rock_Slate_N.uexp" 297
"C:/Users/wdo/Documents/Unreal/projet/Content/StarterContent/Textures/T_Rock_Slate_N.ubulk" 298
"C:/Users/wdo/Documents/Unreal/projet/Content/StarterContent/Textures/T_Shelf_N.uasset" 299
"C:/Users/wdo/Documents/Unreal/projet/Content/StarterContent/Textures/T_Shelf_N.uexp" 300
"C:/Users/wdo/Documents/Unreal/projet/Content/StarterContent/Textures/T_Shelf_N.ubulk" 301
"C:/Users/wdo/Documents/Unreal/projet/Content/StarterContent/Textures/T_Single_Tile_N.uasset" 302
"C:/Users/wdo/Documents/Unreal/projet/Content/StarterContent/Textures/T_Single_Tile_N.uexp" 303
"C:/Users/wdo/Documents/Unreal/projet/Content/StarterContent/Textures/T_Single_Tile_N.ubulk" 304
"../../../Engine/Content/ArtTools/RenderToTexture/Meshes/S_1_Unit_Plane.uasset" 305
"../../../Engine/Content/ArtTools/RenderToTexture/Meshes/S_1_Unit_Plane.uexp" 306
"../../../Engine/Content/BasicShapes/Plane.uasset" 307
"../../../Engine/Content/BasicShapes/Plane.uexp" 308
"../../../Engine/Content/EditorLandscapeResources/DataLayer.uasset" 309
"../../../Engine/Content/EditorLandscapeResources/DataLayer.uexp" 310
"../../../Engine/Content/EditorLandscapeResources/DefaultAlphaTexture.uasset" 311
"../../../Engine/Content/EditorLandscapeResources/DefaultAlphaTexture.uexp" 312
"../../../Engine/Content/EditorMaterials/MAT_Groups_Toggle.uasset" 313
"../../../Engine/Content/EditorMaterials/MAT_Groups_Toggle.uexp" 314
"../../../Engine/Content/EditorMaterials/MAT_Groups_Visibility.uasset" 315
"../../../Engine/Content/EditorMaterials/MAT_Groups_Visibility.uexp" 316
"../../../Engine/Content/EditorMaterials/PreviewShadowIndicator.uasset" 317
"../../../Engine/Content/EditorMaterials/PreviewShadowIndicator.uexp" 318
"../../../Engine/Content/EditorMaterials/PreviewShadowIndicator.ubulk" 319
"../../../Engine/Content/EditorMaterials/PreviewShadowIndicatorMaterial.uasset" 320
"../../../Engine/Content/EditorMaterials/PreviewShadowIndicatorMaterial.uexp" 321
"../../../Engine/Content/EditorMaterials/MatineeGroups/MAT_ColorTrack.uasset" 322
"../../../Engine/Content/EditorMaterials/MatineeGroups/MAT_ColorTrack.uexp" 323
"../../../Engine/Content/EditorMaterials/MatineeGroups/MAT_Groups_Anim.uasset" 324
"../../../Engine/Content/EditorMaterials/MatineeGroups/MAT_Groups_Anim.uexp" 325
"../../../Engine/Content/EditorMaterials/MatineeGroups/MAT_Groups_AudioMaster.uasset" 326
"../../../Engine/Content/EditorMaterials/MatineeGroups/MAT_Groups_AudioMaster.uexp" 327
"../../../Engine/Content/EditorMaterials/MatineeGroups/MAT_Groups_Director.uasset" 328
"../../../Engine/Content/EditorMaterials/MatineeGroups/MAT_Groups_Director.uexp" 329
"../../../Engine/Content/EditorMaterials/MatineeGroups/MAT_Groups_Event.uasset" 330
"../../../Engine/Content/EditorMaterials/MatineeGroups/MAT_Groups_Event.uexp" 331
"../../../Engine/Content/EditorMaterials/MatineeGroups/MAT_Groups_Fade.uasset" 332
"../../../Engine/Content/EditorMaterials/MatineeGroups/MAT_Groups_Fade.uexp" 333
"../../../Engine/Content/EditorMaterials/MatineeGroups/MAT_Groups_Float.uasset" 334
"../../../Engine/Content/EditorMaterials/MatineeGroups/MAT_Groups_Float.uexp" 335
"../../../Engine/Content/EditorMaterials/MatineeGroups/MAT_Groups_Move.uasset" 336
"../../../Engine/Content/EditorMaterials/MatineeGroups/MAT_Groups_Move.uexp" 337
"../../../Engine/Content/EditorMaterials/MatineeGroups/MAT_Groups_Slomo.uasset" 338
"../../../Engine/Content/EditorMaterials/MatineeGroups/MAT_Groups_Slomo.uexp" 339
"../../../Engine/Content/EditorMaterials/MatineeGroups/MAT_Groups_Sound.uasset" 340
"../../../Engine/Content/EditorMaterials/MatineeGroups/MAT_Groups_Sound.uexp" 341
"../../../Engine/Content/EditorMaterials/MatineeGroups/MAT_Groups_Vector.uasset" 342
"../../../Engine/Content/EditorMaterials/MatineeGroups/MAT_Groups_Vector.uexp" 343
"../../../Engine/Content/EditorMaterials/ParticleSystems/PSysThumbnail_NoImage.uasset" 344
"../../../Engine/Content/EditorMaterials/ParticleSystems/PSysThumbnail_NoImage.uexp" 345
"../../../Engine/Content/EditorMaterials/ParticleSystems/PSysThumbnail_NoImage.ubulk" 346
"../../../Engine/Content/EditorMaterials/ParticleSystems/PSysThumbnail_OOD.uasset" 347
"../../../Engine/Content/EditorMaterials/ParticleSystems/PSysThumbnail_OOD.uexp" 348
"../../../Engine/Content/EditorMaterials/ParticleSystems/PSysThumbnail_OOD.ubulk" 349
"../../../Engine/Content/EditorMaterials/Camera/CineMat.uasset" 350
"../../../Engine/Content/EditorMaterials/Camera/CineMat.uexp" 351
"../../../Engine/Content/EditorMaterials/Camera/MI_CineMat_Rig.uasset" 352
"../../../Engine/Content/EditorMaterials/Camera/MI_CineMat_Rig.uexp" 353
"../../../Engine/Content/EditorMeshes/Camera/SM_CraneRig_Arm.uasset" 354
"../../../Engine/Content/EditorMeshes/Camera/SM_CraneRig_Arm.uexp" 355
"../../../Engine/Content/EditorMeshes/Camera/SM_CraneRig_Base.uasset" 356
"../../../Engine/Content/EditorMeshes/Camera/SM_CraneRig_Base.uexp" 357
"../../../Engine/Content/EditorMeshes/Camera/SM_CraneRig_Body.uasset" 358
"../../../Engine/Content/EditorMeshes/Camera/SM_CraneRig_Body.uexp" 359
"../../../Engine/Content/EditorMeshes/Camera/SM_CraneRig_Mount.uasset" 360
"../../../Engine/Content/EditorMeshes/Camera/SM_CraneRig_Mount.uexp" 361
"../../../Engine/Content/EditorMeshes/Camera/SM_RailRig_Mount.uasset" 362
"../../../Engine/Content/EditorMeshes/Camera/SM_RailRig_Mount.uexp" 363
"../../../Engine/Content/EditorMeshes/Camera/SM_RailRig_Track.uasset" 364
"../../../Engine/Content/EditorMeshes/Camera/SM_RailRig_Track.uexp" 365
"../../../Engine/Content/EditorResources/BSPVertex.uasset" 366
"../../../Engine/Content/EditorResources/BSPVertex.uexp" 367
"../../../Engine/Content/EditorResources/EmptyActor.uasset" 368
"../../../Engine/Content/EditorResources/EmptyActor.uexp" 369
"../../../Engine/Content/EditorResources/S_Actor.uasset" 370
"../../../Engine/Content/EditorResources/S_Actor.uexp" 371
"../../../Engine/Content/EditorResources/S_Actor.ubulk" 372
"../../../Engine/Content/EditorResources/S_Note.uasset" 373
"../../../Engine/Content/EditorResources/S_Note.uexp" 374
"../../../Engine/Content/EditorResources/S_Note.ubulk" 375
"../../../Engine/Content/EditorResources/S_Solver.uasset" 376
"../../../Engine/Content/EditorResources/S_Solver.uexp" 377
"../../../Engine/Content/EditorResources/S_Solver.ubulk" 378
"../../../Engine/Content/EditorResources/S_Terrain.uasset" 379
"../../../Engine/Content/EditorResources/S_Terrain.uexp" 380
"../../../Engine/Content/EditorResources/S_Terrain.ubulk" 381
"../../../Engine/Content/EditorResources/S_Trigger.uasset" 382
"../../../Engine/Content/EditorResources/S_Trigger.uexp" 383
"../../../Engine/Content/EditorResources/S_Trigger.ubulk" 384
"../../../Engine/Content/EditorResources/AudioIcons/S_AudioComponent_AutoActivate.uasset" 385
"../../../Engine/Content/EditorResources/AudioIcons/S_AudioComponent_AutoActivate.uexp" 386
"../../../Engine/Content/EditorResources/AudioIcons/S_AudioComponent_AutoActivate.ubulk" 387
"../../../Engine/Content/EditorResources/LightIcons/S_LightError.uasset" 388
"../../../Engine/Content/EditorResources/LightIcons/S_LightError.uexp" 389
"../../../Engine/Content/EditorResources/SequenceRecorder/Countdown.uasset" 390
"../../../Engine/Content/EditorResources/SequenceRecorder/Countdown.uexp" 391
"../../../Engine/Content/EditorResources/SequenceRecorder/RecordingIndicator.uasset" 392
"../../../Engine/Content/EditorResources/SequenceRecorder/RecordingIndicator.uexp" 393
"../../../Engine/Content/EngineDamageTypes/DmgTypeBP_Environmental.uasset" 394
"../../../Engine/Content/EngineDamageTypes/DmgTypeBP_Environmental.uexp" 395
"../../../Engine/Content/EngineDebugMaterials/DebugEditorMaterial.uasset" 396
"../../../Engine/Content/EngineDebugMaterials/DebugEditorMaterial.uexp" 397
"../../../Engine/Content/EngineDebugMaterials/DebugMeshMaterial.uasset" 398
"../../../Engine/Content/EngineDebugMaterials/DebugMeshMaterial.uexp" 399
"../../../Engine/Content/EngineDebugMaterials/M_SimpleUnlitTranslucent.uasset" 400
"../../../Engine/Content/EngineDebugMaterials/M_SimpleUnlitTranslucent.uexp" 401
"../../../Engine/Content/EngineDebugMaterials/VolumeToRender.uasset" 402
"../../../Engine/Content/EngineDebugMaterials/VolumeToRender.uexp" 403
"../../../Engine/Content/Functions/Engine_MaterialFunctions02/Utility/CameraDirectionVector.uasset" 404
"../../../Engine/Content/Functions/Engine_MaterialFunctions02/Utility/CameraDirectionVector.uexp" 405
"../../../Engine/Content/EngineDebugMaterials/M_VolumeRenderSphereTracePP.uasset" 406
"../../../Engine/Content/EngineDebugMaterials/M_VolumeRenderSphereTracePP.uexp" 407
"../../../Engine/Content/Functions/Engine_MaterialFunctions01/Shading/ConvertFromDiffSpec.uasset" 408
"../../../Engine/Content/Functions/Engine_MaterialFunctions01/Shading/ConvertFromDiffSpec.uexp" 409
"../../../Engine/Content/EngineDebugMaterials/VertexColorMaterial.uasset" 410
"../../../Engine/Content/EngineDebugMaterials/VertexColorMaterial.uexp" 411
"../../../Engine/Content/EngineDebugMaterials/WireframeMaterial.uasset" 412
"../../../Engine/Content/EngineDebugMaterials/WireframeMaterial.uexp" 413
"../../../Engine/Content/EngineFonts/Faces/RobotoRegular.uasset" 414
"../../../Engine/Content/EngineFonts/Faces/RobotoRegular.uexp" 415
"../../../Engine/Content/EngineFonts/Faces/RobotoRegular.ufont" 416
"../../../Engine/Content/EngineFonts/Faces/RobotoLight.uasset" 417
"../../../Engine/Content/EngineFonts/Faces/RobotoLight.uexp" 418
"../../../Engine/Content/EngineFonts/Faces/RobotoLight.ufont" 419
"../../../Engine/Content/EngineFonts/Faces/RobotoItalic.uasset" 420
"../../../Engine/Content/EngineFonts/Faces/RobotoItalic.uexp" 421
"../../../Engine/Content/EngineFonts/Faces/RobotoItalic.ufont" 422
"../../../Engine/Content/EngineFonts/Faces/RobotoBoldItalic.uasset" 423
"../../../Engine/Content/EngineFonts/Faces/RobotoBoldItalic.uexp" 424
"../../../Engine/Content/EngineFonts/Faces/RobotoBoldItalic.ufont" 425
"../../../Engine/Content/EngineFonts/Faces/RobotoBold.uasset" 426
"../../../Engine/Content/EngineFonts/Faces/RobotoBold.uexp" 427
"../../../Engine/Content/EngineFonts/Faces/RobotoBold.ufont" 428
"../../../Engine/Content/EngineFonts/Faces/DroidSansFallback.uasset" 429
"../../../Engine/Content/EngineFonts/Faces/DroidSansFallback.uexp" 430
"../../../Engine/Content/EngineFonts/Faces/DroidSansFallback.ufont" 431
"../../../Engine/Content/EngineFonts/Roboto.uasset" 432
"../../../Engine/Content/EngineFonts/Roboto.uexp" 433
"../../../Engine/Content/EngineMaterials/BaseFlattenNormalMap.uasset" 434
"../../../Engine/Content/EngineMaterials/BaseFlattenNormalMap.uexp" 435
"../../../Engine/Content/EngineMaterials/BaseFlattenGrayscaleMap.uasset" 436
"../../../Engine/Content/EngineMaterials/BaseFlattenGrayscaleMap.uexp" 437
"../../../Engine/Content/EngineMaterials/BaseFlattenEmissiveMap.uasset" 438
"../../../Engine/Content/EngineMaterials/BaseFlattenEmissiveMap.uexp" 439
"../../../Engine/Content/EngineMaterials/BaseFlattenDiffuseMap.uasset" 440
"../../../Engine/Content/EngineMaterials/BaseFlattenDiffuseMap.uexp" 441
"../../../Engine/Content/EngineMaterials/BaseFlattenMaterial.uasset" 442
"../../../Engine/Content/EngineMaterials/BaseFlattenMaterial.uexp" 443
"../../../Engine/Content/EngineMaterials/BlueNoise.uasset" 444
"../../../Engine/Content/EngineMaterials/BlueNoise.uexp" 445
"../../../Engine/Content/EngineMaterials/DefaultBloomKernel.uasset" 446
"../../../Engine/Content/EngineMaterials/DefaultBloomKernel.uexp" 447
"../../../Engine/Content/EngineMaterials/DefaultBokeh.uasset" 448
"../../../Engine/Content/EngineMaterials/DefaultBokeh.uexp" 449
"../../../Engine/Content/EngineMaterials/DefaultDiffuse.uasset" 450
"../../../Engine/Content/EngineMaterials/DefaultDiffuse.uexp" 451
"../../../Engine/Content/EngineMaterials/DefaultDiffuse.ubulk" 452
"../../../Engine/Content/EngineMaterials/DefaultDeferredDecalMaterial.uasset" 453
"../../../Engine/Content/EngineMaterials/DefaultDeferredDecalMaterial.uexp" 454
"../../../Engine/Content/EngineMaterials/DefaultLightFunctionMaterial.uasset" 455
"../../../Engine/Content/EngineMaterials/DefaultLightFunctionMaterial.uexp" 456
"../../../Engine/Content/EngineMaterials/DefaultPhysicalMaterial.uasset" 457
"../../../Engine/Content/EngineMaterials/DefaultPhysicalMaterial.uexp" 458
"../../../Engine/Content/Functions/Engine_MaterialFunctions02/Utility/BreakOutFloat2Components.uasset" 459
"../../../Engine/Content/Functions/Engine_MaterialFunctions02/Utility/BreakOutFloat2Components.uexp" 460
"../../../Engine/Content/EngineMaterials/DefaultPostProcessMaterial.uasset" 461
"../../../Engine/Content/EngineMaterials/DefaultPostProcessMaterial.uexp" 462
"../../../Engine/Content/EngineFonts/RobotoDistanceField.uasset" 463
"../../../Engine/Content/EngineFonts/RobotoDistanceField.uexp" 464
"../../../Engine/Content/EngineMaterials/DefaultTextMaterialOpaque.uasset" 465
"../../../Engine/Content/EngineMaterials/DefaultTextMaterialOpaque.uexp" 466
"../../../Engine/Content/EngineMaterials/DefaultWhiteGrid.uasset" 467
"../../../Engine/Content/EngineMaterials/DefaultWhiteGrid.uexp" 468
"../../../Engine/Content/EngineMaterials/DefaultWhiteGrid.ubulk" 469
"../../../Engine/Content/EngineMaterials/DefaultWhiteGrid_Low.uasset" 470
"../../../Engine/Content/EngineMaterials/DefaultWhiteGrid_Low.uexp" 471
"../../../Engine/Content/EngineMaterials/EmissiveMeshMaterial.uasset" 472
"../../../Engine/Content/EngineMaterials/EmissiveMeshMaterial.uexp" 473
"../../../Engine/Content/EngineMaterials/GizmoMaterial.uasset" 474
"../../../Engine/Content/EngineMaterials/GizmoMaterial.uexp" 475
"../../../Engine/Content/EngineMaterials/Good64x64TilingNoiseHighFreq.uasset" 476
"../../../Engine/Content/EngineMaterials/Good64x64TilingNoiseHighFreq.uexp" 477
"../../../Engine/Content/EngineMaterials/MiniFont.uasset" 478
"../../../Engine/Content/EngineMaterials/MiniFont.uexp" 479
"../../../Engine/Content/EngineMaterials/InvalidLightmapSettings.uasset" 480
"../../../Engine/Content/EngineMaterials/InvalidLightmapSettings.uexp" 481
"../../../Engine/Content/EngineMaterials/InvalidLightmapSettings.ubulk" 482
"../../../Engine/Content/EngineMaterials/M_InvalidLightmapSettings.uasset" 483
"../../../Engine/Content/EngineMaterials/M_InvalidLightmapSettings.uexp" 484
"../../../Engine/Content/Functions/Engine_MaterialFunctions02/WorldPositionOffset/CameraOffset.uasset" 485
"../../../Engine/Content/Functions/Engine_MaterialFunctions02/WorldPositionOffset/CameraOffset.uexp" 486
"../../../Engine/Content/EngineMaterials/PhAT_JointLimitMaterial.uasset" 487
"../../../Engine/Content/EngineMaterials/PhAT_JointLimitMaterial.uexp" 488
"../../../Engine/Content/EngineMaterials/DefaultCalibrationColor.uasset" 489
"../../../Engine/Content/EngineMaterials/DefaultCalibrationColor.uexp" 490
"../../../Engine/Content/EngineMaterials/PPM_DefaultCalibrationColor.uasset" 491
"../../../Engine/Content/EngineMaterials/PPM_DefaultCalibrationColor.uexp" 492
"../../../Engine/Content/EngineMaterials/DefaultCalibrationGrayscale.uasset" 493
"../../../Engine/Content/EngineMaterials/DefaultCalibrationGrayscale.uexp" 494
"../../../Engine/Content/EngineMaterials/PPM_DefaultCalibrationGrayscale.uasset" 495
"../../../Engine/Content/EngineMaterials/PPM_DefaultCalibrationGrayscale.uexp" 496
"../../../Engine/Content/EngineMaterials/PreintegratedSkinBRDF.uasset" 497
"../../../Engine/Content/EngineMaterials/PreintegratedSkinBRDF.uexp" 498
"../../../Engine/Content/EngineMaterials/RemoveSurfaceMaterial.uasset" 499
"../../../Engine/Content/EngineMaterials/RemoveSurfaceMaterial.uexp" 500
"../../../Engine/Content/EngineMaterials/WeightMapPlaceholderTexture.uasset" 501
"../../../Engine/Content/EngineMaterials/WeightMapPlaceholderTexture.uexp" 502
"../../../Engine/Content/EngineResources/WhiteSquareTexture.uasset" 503
"../../../Engine/Content/EngineResources/WhiteSquareTexture.uexp" 504
"../../../Engine/Content/EngineMaterials/Widget3DPassThrough.uasset" 505
"../../../Engine/Content/EngineMaterials/Widget3DPassThrough.uexp" 506
"../../../Engine/Content/EngineMaterials/Widget3DPassThrough_Masked.uasset" 507
"../../../Engine/Content/EngineMaterials/Widget3DPassThrough_Masked.uexp" 508
"../../../Engine/Content/EngineMaterials/Widget3DPassThrough_Opaque.uasset" 509
"../../../Engine/Content/EngineMaterials/Widget3DPassThrough_Opaque.uexp" 510
"../../../Engine/Content/EngineMaterials/Widget3DPassThrough_Masked_OneSided.uasset" 511
"../../../Engine/Content/EngineMaterials/Widget3DPassThrough_Masked_OneSided.uexp" 512
"../../../Engine/Content/EngineMaterials/Widget3DPassThrough_Opaque_OneSided.uasset" 513
"../../../Engine/Content/EngineMaterials/Widget3DPassThrough_Opaque_OneSided.uexp" 514
"../../../Engine/Content/EngineMaterials/Widget3DPassThrough_Translucent.uasset" 515
"../../../Engine/Content/EngineMaterials/Widget3DPassThrough_Translucent.uexp" 516
"../../../Engine/Content/EngineMaterials/Widget3DPassThrough_Translucent_OneSided.uasset" 517
"../../../Engine/Content/EngineMaterials/Widget3DPassThrough_Translucent_OneSided.uexp" 518
"../../../Engine/Content/EngineMeshes/Cylinder.uasset" 519
"../../../Engine/Content/EngineMeshes/Cylinder.uexp" 520
"../../../Engine/Content/EngineMeshes/Sphere.uasset" 521
"../../../Engine/Content/EngineMeshes/Sphere.uexp" 522
"../../../Engine/Content/EngineResources/DefaultTexture.uasset" 523
"../../../Engine/Content/EngineResources/DefaultTexture.uexp" 524
"../../../Engine/Content/EngineResources/DefaultTexture.ubulk" 525
"../../../Engine/Content/EngineResources/DefaultTextureCube.uasset" 526
"../../../Engine/Content/EngineResources/DefaultTextureCube.uexp" 527
"../../../Engine/Content/EngineResources/DefaultVolumeTexture2D.uasset" 528
"../../../Engine/Content/EngineResources/DefaultVolumeTexture2D.uexp" 529
"../../../Engine/Content/EngineResources/DefaultVolumeTexture.uasset" 530
"../../../Engine/Content/EngineResources/DefaultVolumeTexture.uexp" 531
"../../../Engine/Content/EngineResources/GradientTexture0.uasset" 532
"../../../Engine/Content/EngineResources/GradientTexture0.uexp" 533
"../../../Engine/Content/EngineSky/VolumetricClouds/T_NoiseShape64.uasset" 534
"../../../Engine/Content/EngineSky/VolumetricClouds/T_NoiseShape64.uexp" 535
"../../../Engine/Content/EngineSky/VolumetricClouds/T_NoiseShape64.ubulk" 536
"../../../Engine/Content/EngineSky/VolumetricClouds/T_VolumeNoiseShape64.uasset" 537
"../../../Engine/Content/EngineSky/VolumetricClouds/T_VolumeNoiseShape64.uexp" 538
"../../../Engine/Content/EngineSky/VolumetricClouds/T_NoiseErosion.uasset" 539
"../../../Engine/Content/EngineSky/VolumetricClouds/T_NoiseErosion.uexp" 540
"../../../Engine/Content/EngineSky/VolumetricClouds/T_NoiseErosion.ubulk" 541
"../../../Engine/Content/EngineSky/VolumetricClouds/T_VolumeNoiseErosion32.uasset" 542
"../../../Engine/Content/EngineSky/VolumetricClouds/T_VolumeNoiseErosion32.uexp" 543
"../../../Engine/Content/Functions/Engine_MaterialFunctions02/Utility/MakeFloat2.uasset" 544
"../../../Engine/Content/Functions/Engine_MaterialFunctions02/Utility/MakeFloat2.uexp" 545
"../../../Engine/Content/EngineSky/VolumetricClouds/CloudWeatherTexture.uasset" 546
"../../../Engine/Content/EngineSky/VolumetricClouds/CloudWeatherTexture.uexp" 547
"../../../Engine/Content/EngineSky/VolumetricClouds/CloudGradientTexture.uasset" 548
"../../../Engine/Content/EngineSky/VolumetricClouds/CloudGradientTexture.uexp" 549
"../../../Engine/Content/EngineSky/VolumetricClouds/m_SimpleVolumetricCloud.uasset" 550
"../../../Engine/Content/EngineSky/VolumetricClouds/m_SimpleVolumetricCloud.uexp" 551
"../../../Engine/Content/EngineSky/VolumetricClouds/m_SimpleVolumetricCloud_Inst.uasset" 552
"../../../Engine/Content/EngineSky/VolumetricClouds/m_SimpleVolumetricCloud_Inst.uexp" 553
"../../../Engine/Content/EngineSounds/Master.uasset" 554
"../../../Engine/Content/EngineSounds/Master.uexp" 555
"../../../Engine/Content/Functions/Engine_MaterialFunctions01/Shading/PowerToRoughness.uasset" 556
"../../../Engine/Content/Functions/Engine_MaterialFunctions01/Shading/PowerToRoughness.uexp" 557
"../../../Engine/Content/Maps/Templates/Thumbnails/Default.uasset" 558
"../../../Engine/Content/Maps/Templates/Thumbnails/Default.uexp" 559
"../../../Engine/Content/Maps/Templates/Thumbnails/TimeOfDay.uasset" 560
"../../../Engine/Content/Maps/Templates/Thumbnails/TimeOfDay.uexp" 561
"../../../Engine/Content/Maps/Templates/Thumbnails/VR-Basic.uasset" 562
"../../../Engine/Content/Maps/Templates/Thumbnails/VR-Basic.uexp" 563
"../../../Engine/Content/MobileResources/T_MobileControls_texture.uasset" 564
"../../../Engine/Content/MobileResources/T_MobileControls_texture.uexp" 565
"../../../Engine/Content/MobileResources/T_MobileMenu2.uasset" 566
"../../../Engine/Content/MobileResources/T_MobileMenu2.uexp" 567
"../../../Engine/Content/MobileResources/HUD/AnalogHat.uasset" 568
"../../../Engine/Content/MobileResources/HUD/AnalogHat.uexp" 569
"../../../Engine/Content/MobileResources/HUD/VirtualJoystick_Thumb.uasset" 570
"../../../Engine/Content/MobileResources/HUD/VirtualJoystick_Thumb.uexp" 571
"../../../Engine/Content/MobileResources/HUD/VirtualJoystick_Background.uasset" 572
"../../../Engine/Content/MobileResources/HUD/VirtualJoystick_Background.uexp" 573
"../../../Engine/Content/MobileResources/HUD/DefaultVirtualJoysticks.uasset" 574
"../../../Engine/Content/MobileResources/HUD/DefaultVirtualJoysticks.uexp" 575
"../../../Engine/Content/MobileResources/HUD/LeftVirtualJoystickOnly.uasset" 576
"../../../Engine/Content/MobileResources/HUD/LeftVirtualJoystickOnly.uexp" 577
"../../../Engine/Content/MobileResources/HUD/MobileHUDButton1_off.uasset" 578
"../../../Engine/Content/MobileResources/HUD/MobileHUDButton1_off.uexp" 579
"../../../Engine/Content/MobileResources/HUD/MobileHUDButton1_on.uasset" 580
"../../../Engine/Content/MobileResources/HUD/MobileHUDButton1_on.uexp" 581
"../../../Engine/Content/MobileResources/HUD/MobileHUDButton2_off.uasset" 582
"../../../Engine/Content/MobileResources/HUD/MobileHUDButton2_off.uexp" 583
"../../../Engine/Content/MobileResources/HUD/MobileHUDButton2_on.uasset" 584
"../../../Engine/Content/MobileResources/HUD/MobileHUDButton2_on.uexp" 585
"../../../Engine/Content/MobileResources/HUD/MobileHUDButton3.uasset" 586
"../../../Engine/Content/MobileResources/HUD/MobileHUDButton3.uexp" 587
"../../../Engine/Content/MobileResources/HUD/MobileHUDButtonFire.uasset" 588
"../../../Engine/Content/MobileResources/HUD/MobileHUDButtonFire.uexp" 589
"../../../Engine/Content/MobileResources/HUD/MobileHUDDirectionPad.uasset" 590
"../../../Engine/Content/MobileResources/HUD/MobileHUDDirectionPad.uexp" 591
"../../../Engine/Content/MobileResources/HUD/MobileHUDDirectionPad2.uasset" 592
"../../../Engine/Content/MobileResources/HUD/MobileHUDDirectionPad2.uexp" 593
"../../../Engine/Content/MobileResources/HUD/MobileHUDDirectionPad3.uasset" 594
"../../../Engine/Content/MobileResources/HUD/MobileHUDDirectionPad3.uexp" 595
"../../../Engine/Content/MobileResources/HUD/MobileHUDDirectionStick.uasset" 596
"../../../Engine/Content/MobileResources/HUD/MobileHUDDirectionStick.uexp" 597
"../../../Engine/Content/MobileResources/HUD/T_Castle_ThumbstickInner.uasset" 598
"../../../Engine/Content/MobileResources/HUD/T_Castle_ThumbstickInner.uexp" 599
"../../../Engine/Content/MobileResources/HUD/T_Castle_ThumbstickOutter.uasset" 600
"../../../Engine/Content/MobileResources/HUD/T_Castle_ThumbstickOutter.uexp" 601
"../../../Engine/Content/Tutorial/ContentIntroCurve.uasset" 602
"../../../Engine/Content/Tutorial/ContentIntroCurve.uexp" 603
"../../../Engine/Content/VREditor/TransformGizmo/TranslucentTransformGizmoMaterial.uasset" 604
"../../../Engine/Content/VREditor/TransformGizmo/TranslucentTransformGizmoMaterial.uexp" 605
"../../../Engine/Content/VREditor/LaserPointer/VR_LaserPower_01.uasset" 606
"../../../Engine/Content/VREditor/LaserPointer/VR_LaserPower_01.uexp" 607
"../../../Engine/Content/VREditor/LaserPointer/VR_LaserPower_01.ubulk" 608
"../../../Engine/Content/VREditor/TransformGizmo/TransformGizmoMaterial.uasset" 609
"../../../Engine/Content/VREditor/TransformGizmo/TransformGizmoMaterial.uexp" 610
"../../../Engine/Content/VREditor/TransformGizmo/BoundingBoxCorner.uasset" 611
"../../../Engine/Content/VREditor/TransformGizmo/BoundingBoxCorner.uexp" 612
"../../../Engine/Content/VREditor/TransformGizmo/BoundingBoxEdge.uasset" 613
"../../../Engine/Content/VREditor/TransformGizmo/BoundingBoxEdge.uexp" 614
"../../../Engine/Content/VREditor/TransformGizmo/PlaneTranslationHandle.uasset" 615
"../../../Engine/Content/VREditor/TransformGizmo/PlaneTranslationHandle.uexp" 616
"../../../Engine/Content/VREditor/TransformGizmo/Xray.uasset" 617
"../../../Engine/Content/VREditor/TransformGizmo/Xray.uexp" 618
"../../../Engine/Content/VREditor/TransformGizmo/Main.uasset" 619
"../../../Engine/Content/VREditor/TransformGizmo/Main.uexp" 620
"../../../Engine/Content/VREditor/TransformGizmo/SM_Sequencer_Key.uasset" 621
"../../../Engine/Content/VREditor/TransformGizmo/SM_Sequencer_Key.uexp" 622
"../../../Engine/Content/VREditor/TransformGizmo/SM_Sequencer_Node.uasset" 623
"../../../Engine/Content/VREditor/TransformGizmo/SM_Sequencer_Node.uexp" 624
"../../../Engine/Plugins/2D/Paper2D/Content/PlaceholderTextures/DummySpriteTexture.uasset" 625
"../../../Engine/Plugins/2D/Paper2D/Content/PlaceholderTextures/DummySpriteTexture.uexp" 626
"../../../Engine/Plugins/2D/Paper2D/Content/PlaceholderTextures/DummySpriteTexture.ubulk" 627
"../../../Engine/Plugins/2D/Paper2D/Content/DummySprite.uasset" 628
"../../../Engine/Plugins/2D/Paper2D/Content/DummySprite.uexp" 629
"../../../Engine/Plugins/2D/Paper2D/Content/DefaultPaperTerrainMaterial.uasset" 630
"../../../Engine/Plugins/2D/Paper2D/Content/DefaultPaperTerrainMaterial.uexp" 631
"../../../Engine/Plugins/2D/Paper2D/Content/DefaultSpriteMaterial.uasset" 632
"../../../Engine/Plugins/2D/Paper2D/Content/DefaultSpriteMaterial.uexp" 633
"../../../Engine/Plugins/2D/Paper2D/Content/MaskedUnlitSpriteMaterial.uasset" 634
"../../../Engine/Plugins/2D/Paper2D/Content/MaskedUnlitSpriteMaterial.uexp" 635
"../../../Engine/Plugins/2D/Paper2D/Content/OpaqueUnlitSpriteMaterial.uasset" 636
"../../../Engine/Plugins/2D/Paper2D/Content/OpaqueUnlitSpriteMaterial.uexp" 637
"../../../Engine/Content/Functions/Engine_MaterialFunctions02/Utility/VectorLength.uasset" 638
"../../../Engine/Content/Functions/Engine_MaterialFunctions02/Utility/VectorLength.uexp" 639
"../../../Engine/Content/Functions/Engine_MaterialFunctions02/WorldPositionOffset/ObjectScale.uasset" 640
"../../../Engine/Content/Functions/Engine_MaterialFunctions02/WorldPositionOffset/ObjectScale.uexp" 641
"../../../Engine/Content/Functions/Engine_MaterialFunctions02/Utility/BreakOutFloat3Components.uasset" 642
"../../../Engine/Content/Functions/Engine_MaterialFunctions02/Utility/BreakOutFloat3Components.uexp" 643
"../../../Engine/Content/Functions/Engine_MaterialFunctions02/ObjectLocalBounds.uasset" 644
"../../../Engine/Content/Functions/Engine_MaterialFunctions02/ObjectLocalBounds.uexp" 645
"../../../Engine/Plugins/Editor/SpeedTreeImporter/Content/SpeedTree9/UnpackInteger3.uasset" 646
"../../../Engine/Plugins/Editor/SpeedTreeImporter/Content/SpeedTree9/UnpackInteger3.uexp" 647
"../../../Engine/Plugins/Editor/SpeedTreeImporter/Content/SpeedTree9/UnpackDirection.uasset" 648
"../../../Engine/Plugins/Editor/SpeedTreeImporter/Content/SpeedTree9/UnpackDirection.uexp" 649
"../../../Engine/Plugins/Editor/SpeedTreeImporter/Content/SpeedTree9/game_wind_noise.uasset" 650
"../../../Engine/Plugins/Editor/SpeedTreeImporter/Content/SpeedTree9/game_wind_noise.uexp" 651
"../../../Engine/Plugins/Editor/SpeedTreeImporter/Content/SpeedTree9/game_wind_noise.ubulk" 652
"../../../Engine/Content/Functions/Engine_MaterialFunctions02/SafeNormalize.uasset" 653
"../../../Engine/Content/Functions/Engine_MaterialFunctions02/SafeNormalize.uexp" 654
"../../../Engine/Plugins/Editor/SpeedTreeImporter/Content/SpeedTree9/SpeedTreeWindMotion.uasset" 655
"../../../Engine/Plugins/Editor/SpeedTreeImporter/Content/SpeedTree9/SpeedTreeWindMotion.uexp" 656
"../../../Engine/Plugins/Editor/SpeedTreeImporter/Content/SpeedTree9/SpeedTreeBranchMotion.uasset" 657
"../../../Engine/Plugins/Editor/SpeedTreeImporter/Content/SpeedTree9/SpeedTreeBranchMotion.uexp" 658
"../../../Engine/Content/Functions/Engine_MaterialFunctions02/UVs/BoundingBoxBased_0-1_UVW.uasset" 659
"../../../Engine/Content/Functions/Engine_MaterialFunctions02/UVs/BoundingBoxBased_0-1_UVW.uexp" 660
"../../../Engine/Plugins/Editor/SpeedTreeImporter/Content/SpeedTree9/SpeedTreeWind.uasset" 661
"../../../Engine/Plugins/Editor/SpeedTreeImporter/Content/SpeedTree9/SpeedTreeWind.uexp" 662
"../../../Engine/Plugins/Editor/SpeedTreeImporter/Content/SpeedTree9/SpeedTreeBillboard.uasset" 663
"../../../Engine/Plugins/Editor/SpeedTreeImporter/Content/SpeedTree9/SpeedTreeBillboard.uexp" 664
"../../../Engine/Plugins/Editor/SpeedTreeImporter/Content/SpeedTree9/EmptyNormal.uasset" 665
"../../../Engine/Plugins/Editor/SpeedTreeImporter/Content/SpeedTree9/EmptyNormal.uexp" 666
"../../../Engine/Plugins/Editor/SpeedTreeImporter/Content/SpeedTree9/Empty.uasset" 667
"../../../Engine/Plugins/Editor/SpeedTreeImporter/Content/SpeedTree9/Empty.uexp" 668
"../../../Engine/Plugins/Editor/SpeedTreeImporter/Content/SpeedTree9/SpeedTreeBillboardMaster.uasset" 669
"../../../Engine/Plugins/Editor/SpeedTreeImporter/Content/SpeedTree9/SpeedTreeBillboardMaster.uexp" 670
"../../../Engine/Plugins/Editor/SpeedTreeImporter/Content/SpeedTree9/SpeedTreeCameraFacing.uasset" 671
"../../../Engine/Plugins/Editor/SpeedTreeImporter/Content/SpeedTree9/SpeedTreeCameraFacing.uexp" 672
"../../../Engine/Plugins/Editor/SpeedTreeImporter/Content/SpeedTree9/SpeedTreeMaster.uasset" 673
"../../../Engine/Plugins/Editor/SpeedTreeImporter/Content/SpeedTree9/SpeedTreeMaster.uexp" 674
"../../../Engine/Content/ArtTools/RenderToTexture/Materials/Debug/M_Emissive_Color.uasset" 675
"../../../Engine/Content/ArtTools/RenderToTexture/Materials/Debug/M_Emissive_Color.uexp" 676
"../../../Engine/Plugins/Lumin/MagicLeapPassableWorld/Content/MagicLeapARPinInfoActor.uasset" 677
"../../../Engine/Plugins/Lumin/MagicLeapPassableWorld/Content/MagicLeapARPinInfoActor.uexp" 678
"../../../Engine/Plugins/Runtime/OpenXR/Content/Devices/GoogleDaydream/MRTexture.uasset" 679
"../../../Engine/Plugins/Runtime/OpenXR/Content/Devices/GoogleDaydream/MRTexture.uexp" 680
"../../../Engine/Plugins/Runtime/OpenXR/Content/Devices/GoogleDaydream/MRTexture.ubulk" 681
"../../../Engine/Plugins/Runtime/OpenXR/Content/Devices/GoogleDaydream/BaseTexture.uasset" 682
"../../../Engine/Plugins/Runtime/OpenXR/Content/Devices/GoogleDaydream/BaseTexture.uexp" 683
"../../../Engine/Plugins/Runtime/OpenXR/Content/Devices/GoogleDaydream/BaseTexture.ubulk" 684
"../../../Engine/Content/EngineResources/Black.uasset" 685
"../../../Engine/Content/EngineResources/Black.uexp" 686
"../../../Engine/Plugins/Runtime/OpenXR/Content/Devices/M_XRController.uasset" 687
"../../../Engine/Plugins/Runtime/OpenXR/Content/Devices/M_XRController.uexp" 688
"../../../Engine/Plugins/Runtime/OpenXR/Content/Devices/GoogleDaydream/MI_GoogleDaydream.uasset" 689
"../../../Engine/Plugins/Runtime/OpenXR/Content/Devices/GoogleDaydream/MI_GoogleDaydream.uexp" 690
"../../../Engine/Plugins/Runtime/OpenXR/Content/Devices/GoogleDaydream/GoogleDaydreamController.uasset" 691
"../../../Engine/Plugins/Runtime/OpenXR/Content/Devices/GoogleDaydream/GoogleDaydreamController.uexp" 692
"../../../Engine/Plugins/Runtime/OpenXR/Content/Devices/HTCVive/BaseTexture.uasset" 693
"../../../Engine/Plugins/Runtime/OpenXR/Content/Devices/HTCVive/BaseTexture.uexp" 694
"../../../Engine/Plugins/Runtime/OpenXR/Content/Devices/HTCVive/BaseTexture.ubulk" 695
"../../../Engine/Plugins/Runtime/OpenXR/Content/Devices/HTCVive/MI_HTCVive.uasset" 696
"../../../Engine/Plugins/Runtime/OpenXR/Content/Devices/HTCVive/MI_HTCVive.uexp" 697
"../../../Engine/Plugins/Runtime/OpenXR/Content/Devices/HTCVive/HTCViveController.uasset" 698
"../../../Engine/Plugins/Runtime/OpenXR/Content/Devices/HTCVive/HTCViveController.uexp" 699
"../../../Engine/Plugins/Runtime/OpenXR/Content/Devices/MicrosoftMixedReality/NormalTexture.uasset" 700
"../../../Engine/Plugins/Runtime/OpenXR/Content/Devices/MicrosoftMixedReality/NormalTexture.uexp" 701
"../../../Engine/Plugins/Runtime/OpenXR/Content/Devices/MicrosoftMixedReality/NormalTexture.ubulk" 702
"../../../Engine/Plugins/Runtime/OpenXR/Content/Devices/MicrosoftMixedReality/MRTexture.uasset" 703
"../../../Engine/Plugins/Runtime/OpenXR/Content/Devices/MicrosoftMixedReality/MRTexture.uexp" 704
"../../../Engine/Plugins/Runtime/OpenXR/Content/Devices/MicrosoftMixedReality/MRTexture.ubulk" 705
"../../../Engine/Plugins/Runtime/OpenXR/Content/Devices/MicrosoftMixedReality/EmissiveTexture.uasset" 706
"../../../Engine/Plugins/Runtime/OpenXR/Content/Devices/MicrosoftMixedReality/EmissiveTexture.uexp" 707
"../../../Engine/Plugins/Runtime/OpenXR/Content/Devices/MicrosoftMixedReality/EmissiveTexture.ubulk" 708
"../../../Engine/Plugins/Runtime/OpenXR/Content/Devices/MicrosoftMixedReality/BaseTexture.uasset" 709
"../../../Engine/Plugins/Runtime/OpenXR/Content/Devices/MicrosoftMixedReality/BaseTexture.uexp" 710
"../../../Engine/Plugins/Runtime/OpenXR/Content/Devices/MicrosoftMixedReality/BaseTexture.ubulk" 711
"../../../Engine/Plugins/Runtime/OpenXR/Content/Devices/MicrosoftMixedReality/MI_MicrosoftMixedReality.uasset" 712
"../../../Engine/Plugins/Runtime/OpenXR/Content/Devices/MicrosoftMixedReality/MI_MicrosoftMixedReality.uexp" 713
"../../../Engine/Plugins/Runtime/OpenXR/Content/Devices/MicrosoftMixedReality/Left/left_MicrosoftMixedRealityController.uasset" 714
"../../../Engine/Plugins/Runtime/OpenXR/Content/Devices/MicrosoftMixedReality/Left/left_MicrosoftMixedRealityController.uexp" 715
"../../../Engine/Plugins/Runtime/OpenXR/Content/Devices/MicrosoftMixedReality/Right/right_MicrosoftMixedRealityController.uasset" 716
"../../../Engine/Plugins/Runtime/OpenXR/Content/Devices/MicrosoftMixedReality/Right/right_MicrosoftMixedRealityController.uexp" 717
"../../../Engine/Plugins/Runtime/OpenXR/Content/Devices/OculusGo/BaseTexture.uasset" 718
"../../../Engine/Plugins/Runtime/OpenXR/Content/Devices/OculusGo/BaseTexture.uexp" 719
"../../../Engine/Plugins/Runtime/OpenXR/Content/Devices/OculusGo/BaseTexture.ubulk" 720
"../../../Engine/Plugins/Runtime/OpenXR/Content/Devices/OculusGo/MI_OculusGo.uasset" 721
"../../../Engine/Plugins/Runtime/OpenXR/Content/Devices/OculusGo/MI_OculusGo.uexp" 722
"../../../Engine/Plugins/Runtime/OpenXR/Content/Devices/OculusGo/OculusGoController.uasset" 723
"../../../Engine/Plugins/Runtime/OpenXR/Content/Devices/OculusGo/OculusGoController.uexp" 724
"../../../Engine/Plugins/Runtime/OpenXR/Content/Devices/OculusTouch/MRTexture.uasset" 725
"../../../Engine/Plugins/Runtime/OpenXR/Content/Devices/OculusTouch/MRTexture.uexp" 726
"../../../Engine/Plugins/Runtime/OpenXR/Content/Devices/OculusTouch/MRTexture.ubulk" 727
"../../../Engine/Plugins/Runtime/OpenXR/Content/Devices/OculusTouch/BaseTexture.uasset" 728
"../../../Engine/Plugins/Runtime/OpenXR/Content/Devices/OculusTouch/BaseTexture.uexp" 729
"../../../Engine/Plugins/Runtime/OpenXR/Content/Devices/OculusTouch/BaseTexture.ubulk" 730
"../../../Engine/Plugins/Runtime/OpenXR/Content/Devices/OculusTouch/MI_OculusTouch.uasset" 731
"../../../Engine/Plugins/Runtime/OpenXR/Content/Devices/OculusTouch/MI_OculusTouch.uexp" 732
"../../../Engine/Plugins/Runtime/OpenXR/Content/Devices/OculusTouch/Left/left_OculusTouchController.uasset" 733
"../../../Engine/Plugins/Runtime/OpenXR/Content/Devices/OculusTouch/Left/left_OculusTouchController.uexp" 734
"../../../Engine/Plugins/Runtime/OpenXR/Content/Devices/OculusTouch/Right/right_OculusTouchController.uasset" 735
"../../../Engine/Plugins/Runtime/OpenXR/Content/Devices/OculusTouch/Right/right_OculusTouchController.uexp" 736
"../../../Engine/Plugins/Runtime/OpenXR/Content/Devices/OculusTouch_v2/MRTexture.uasset" 737
"../../../Engine/Plugins/Runtime/OpenXR/Content/Devices/OculusTouch_v2/MRTexture.uexp" 738
"../../../Engine/Plugins/Runtime/OpenXR/Content/Devices/OculusTouch_v2/MRTexture.ubulk" 739
"../../../Engine/Plugins/Runtime/OpenXR/Content/Devices/OculusTouch_v2/BaseTexture.uasset" 740
"../../../Engine/Plugins/Runtime/OpenXR/Content/Devices/OculusTouch_v2/BaseTexture.uexp" 741
"../../../Engine/Plugins/Runtime/OpenXR/Content/Devices/OculusTouch_v2/BaseTexture.ubulk" 742
"../../../Engine/Plugins/Runtime/OpenXR/Content/Devices/OculusTouch_v2/MI_OculusTouch_v2.uasset" 743
"../../../Engine/Plugins/Runtime/OpenXR/Content/Devices/OculusTouch_v2/MI_OculusTouch_v2.uexp" 744
"../../../Engine/Plugins/Runtime/OpenXR/Content/Devices/OculusTouch_v2/Left/left_OculusTouch_v2Controller.uasset" 745
"../../../Engine/Plugins/Runtime/OpenXR/Content/Devices/OculusTouch_v2/Left/left_OculusTouch_v2Controller.uexp" 746
"../../../Engine/Plugins/Runtime/OpenXR/Content/Devices/OculusTouch_v2/Right/right_OculusTouch_v2Controller.uasset" 747
"../../../Engine/Plugins/Runtime/OpenXR/Content/Devices/OculusTouch_v2/Right/right_OculusTouch_v2Controller.uexp" 748
"../../../Engine/Plugins/Runtime/OpenXR/Content/Devices/OculusTouch_v3/MRTexture.uasset" 749
"../../../Engine/Plugins/Runtime/OpenXR/Content/Devices/OculusTouch_v3/MRTexture.uexp" 750
"../../../Engine/Plugins/Runtime/OpenXR/Content/Devices/OculusTouch_v3/MRTexture.ubulk" 751
"../../../Engine/Plugins/Runtime/OpenXR/Content/Devices/OculusTouch_v3/BaseTexture.uasset" 752
"../../../Engine/Plugins/Runtime/OpenXR/Content/Devices/OculusTouch_v3/BaseTexture.uexp" 753
"../../../Engine/Plugins/Runtime/OpenXR/Content/Devices/OculusTouch_v3/BaseTexture.ubulk" 754
"../../../Engine/Plugins/Runtime/OpenXR/Content/Devices/OculusTouch_v3/MI_OculusTouch_v3.uasset" 755
"../../../Engine/Plugins/Runtime/OpenXR/Content/Devices/OculusTouch_v3/MI_OculusTouch_v3.uexp" 756
"../../../Engine/Plugins/Runtime/OpenXR/Content/Devices/OculusTouch_v3/Left/left_OculusTouch_v3Controller.uasset" 757
"../../../Engine/Plugins/Runtime/OpenXR/Content/Devices/OculusTouch_v3/Left/left_OculusTouch_v3Controller.uexp" 758
"../../../Engine/Plugins/Runtime/OpenXR/Content/Devices/OculusTouch_v3/Right/right_OculusTouch_v3Controller.uasset" 759
"../../../Engine/Plugins/Runtime/OpenXR/Content/Devices/OculusTouch_v3/Right/right_OculusTouch_v3Controller.uexp" 760
"../../../Engine/Plugins/Runtime/OpenXR/Content/Devices/ValveIndex/MRTexture.uasset" 761
"../../../Engine/Plugins/Runtime/OpenXR/Content/Devices/ValveIndex/MRTexture.uexp" 762
"../../../Engine/Plugins/Runtime/OpenXR/Content/Devices/ValveIndex/MRTexture.ubulk" 763
"../../../Engine/Plugins/Runtime/OpenXR/Content/Devices/ValveIndex/BaseTexture.uasset" 764
"../../../Engine/Plugins/Runtime/OpenXR/Content/Devices/ValveIndex/BaseTexture.uexp" 765
"../../../Engine/Plugins/Runtime/OpenXR/Content/Devices/ValveIndex/BaseTexture.ubulk" 766
"../../../Engine/Plugins/Runtime/OpenXR/Content/Devices/ValveIndex/Left/MI_left_ValveIndex.uasset" 767
"../../../Engine/Plugins/Runtime/OpenXR/Content/Devices/ValveIndex/Left/MI_left_ValveIndex.uexp" 768
"../../../Engine/Plugins/Runtime/OpenXR/Content/Devices/ValveIndex/Left/left_ValveIndexController.uasset" 769
"../../../Engine/Plugins/Runtime/OpenXR/Content/Devices/ValveIndex/Left/left_ValveIndexController.uexp" 770
"../../../Engine/Plugins/Runtime/OpenXR/Content/Devices/ValveIndex/Right/MI_right_ValveIndex.uasset" 771
"../../../Engine/Plugins/Runtime/OpenXR/Content/Devices/ValveIndex/Right/MI_right_ValveIndex.uexp" 772
"../../../Engine/Plugins/Runtime/OpenXR/Content/Devices/ValveIndex/Right/right_ValveIndexController.uasset" 773
"../../../Engine/Plugins/Runtime/OpenXR/Content/Devices/ValveIndex/Right/right_ValveIndexController.uexp" 774
"../../../Engine/Content/Functions/Engine_MaterialFunctions02/Utility/MakeFloat3.uasset" 775
"../../../Engine/Content/Functions/Engine_MaterialFunctions02/Utility/MakeFloat3.uexp" 776
"../../../Engine/Content/Functions/Engine_MaterialFunctions02/Utility/BreakOutFloat4Components.uasset" 777
"../../../Engine/Content/Functions/Engine_MaterialFunctions02/Utility/BreakOutFloat4Components.uexp" 778
"../../../Engine/Plugins/Runtime/Oculus/OculusVR/Content/Materials/OculusMR_ChromaKey.uasset" 779
"../../../Engine/Plugins/Runtime/Oculus/OculusVR/Content/Materials/OculusMR_ChromaKey.uexp" 780
"../../../Engine/Plugins/Runtime/Oculus/OculusVR/Content/Materials/OculusMR_OpaqueColoredMaterial.uasset" 781
"../../../Engine/Plugins/Runtime/Oculus/OculusVR/Content/Materials/OculusMR_OpaqueColoredMaterial.uexp" 782
"../../../Engine/Plugins/Runtime/Oculus/OculusVR/Content/Materials/PokeAHoleMaterial.uasset" 783
"../../../Engine/Plugins/Runtime/Oculus/OculusVR/Content/Materials/PokeAHoleMaterial.uexp" 784
"../../../Engine/Plugins/Runtime/Oculus/OculusVR/Content/Textures/touchController_controlmap.uasset" 785
"../../../Engine/Plugins/Runtime/Oculus/OculusVR/Content/Textures/touchController_controlmap.uexp" 786
"../../../Engine/Plugins/Runtime/Oculus/OculusVR/Content/Textures/touchController_controlmap.ubulk" 787
"../../../Engine/Plugins/Runtime/Oculus/OculusVR/Content/Textures/touchController_albedo.uasset" 788
"../../../Engine/Plugins/Runtime/Oculus/OculusVR/Content/Textures/touchController_albedo.uexp" 789
"../../../Engine/Plugins/Runtime/Oculus/OculusVR/Content/Textures/touchController_albedo.ubulk" 790
"../../../Engine/Plugins/Runtime/Oculus/OculusVR/Content/Materials/touchController_mat.uasset" 791
"../../../Engine/Plugins/Runtime/Oculus/OculusVR/Content/Materials/touchController_mat.uexp" 792
"../../../Engine/Plugins/Runtime/Oculus/OculusVR/Content/Meshes/LeftTouchController.uasset" 793
"../../../Engine/Plugins/Runtime/Oculus/OculusVR/Content/Meshes/LeftTouchController.uexp" 794
"../../../Engine/Plugins/Runtime/Oculus/OculusVR/Content/Textures/TouchForQuestRiftSController_albedo.uasset" 795
"../../../Engine/Plugins/Runtime/Oculus/OculusVR/Content/Textures/TouchForQuestRiftSController_albedo.uexp" 796
"../../../Engine/Plugins/Runtime/Oculus/OculusVR/Content/Textures/TouchForQuestRiftSController_albedo.ubulk" 797
"../../../Engine/Plugins/Runtime/Oculus/OculusVR/Content/Materials/TouchForQuestRiftSControllerMaterial.uasset" 798
"../../../Engine/Plugins/Runtime/Oculus/OculusVR/Content/Materials/TouchForQuestRiftSControllerMaterial.uexp" 799
"../../../Engine/Plugins/Runtime/Oculus/OculusVR/Content/Meshes/LeftTouchForQuestRiftSController.uasset" 800
"../../../Engine/Plugins/Runtime/Oculus/OculusVR/Content/Meshes/LeftTouchForQuestRiftSController.uexp" 801
"../../../Engine/Plugins/Runtime/Oculus/OculusVR/Content/Meshes/RiftHMD.uasset" 802
"../../../Engine/Plugins/Runtime/Oculus/OculusVR/Content/Meshes/RiftHMD.uexp" 803
"../../../Engine/Plugins/Runtime/Oculus/OculusVR/Content/Meshes/RightTouchController.uasset" 804
"../../../Engine/Plugins/Runtime/Oculus/OculusVR/Content/Meshes/RightTouchController.uexp" 805
"../../../Engine/Plugins/Runtime/Oculus/OculusVR/Content/Meshes/RightTouchForQuestRiftSController.uasset" 806
"../../../Engine/Plugins/Runtime/Oculus/OculusVR/Content/Meshes/RightTouchForQuestRiftSController.uexp" 807
"C:/Users/wdo/Documents/Unreal/projet/Content/StarterContent/Audio/Starter_Background_Cue.uasset" 808
"C:/Users/wdo/Documents/Unreal/projet/Content/StarterContent/Audio/Starter_Background_Cue.uexp" 809
"../../../Engine/Content/EngineSky/T_Sky_Stars.uasset" 810
"../../../Engine/Content/EngineSky/T_Sky_Stars.uexp" 811
"../../../Engine/Content/EngineSky/T_Sky_Stars.ubulk" 812
"../../../Engine/Content/EngineSky/T_Sky_Clouds_M.uasset" 813
"../../../Engine/Content/EngineSky/T_Sky_Clouds_M.uexp" 814
"../../../Engine/Content/EngineSky/T_Sky_Clouds_M.ubulk" 815
"../../../Engine/Content/EngineSky/T_Sky_Blue.uasset" 816
"../../../Engine/Content/EngineSky/T_Sky_Blue.uexp" 817
"../../../Engine/Content/EngineSky/T_Sky_Blue.ubulk" 818
"../../../Engine/Content/EngineSky/M_Sky_Panning_Clouds2.uasset" 819
"../../../Engine/Content/EngineSky/M_Sky_Panning_Clouds2.uexp" 820
"../../../Engine/Content/EngineSky/SM_SkySphere.uasset" 821
"../../../Engine/Content/EngineSky/SM_SkySphere.uexp" 822
"../../../Engine/Content/EngineSky/C_Sky_Zenith_Color.uasset" 823
"../../../Engine/Content/EngineSky/C_Sky_Zenith_Color.uexp" 824
"../../../Engine/Content/EngineSky/C_Sky_Horizon_Color.uasset" 825
"../../../Engine/Content/EngineSky/C_Sky_Horizon_Color.uexp" 826
"../../../Engine/Content/EngineSky/C_Sky_Cloud_Color.uasset" 827
"../../../Engine/Content/EngineSky/C_Sky_Cloud_Color.uexp" 828
"../../../Engine/Content/EngineSky/BP_Sky_Sphere.uasset" 829
"../../../Engine/Content/EngineSky/BP_Sky_Sphere.uexp" 830
"C:/Users/wdo/Documents/Unreal/projet/Content/projetUniv/carte/ileMap.uexp" 831
"C:/Users/wdo/Documents/Unreal/projet/Content/projetUniv/carte/ileMap.umap" 832
"C:/Users/wdo/Documents/Unreal/projet/Content/projetUniv/carte/labyrinthe_BuiltData.uasset" 833
"C:/Users/wdo/Documents/Unreal/projet/Content/projetUniv/carte/labyrinthe_BuiltData.uexp" 834
"C:/Users/wdo/Documents/Unreal/projet/Content/projetUniv/portail/portailCasse.uasset" 835
"C:/Users/wdo/Documents/Unreal/projet/Content/projetUniv/portail/portailCasse.uexp" 836
"C:/Users/wdo/Documents/Unreal/projet/Content/projetUniv/carte/labyrinthe.uexp" 837
"C:/Users/wdo/Documents/Unreal/projet/Content/projetUniv/carte/labyrinthe.umap" 838
"C:/Users/wdo/Documents/Unreal/projet/Content/StarterContent/Textures/T_Wood_Walnut_N.uasset" 839
"C:/Users/wdo/Documents/Unreal/projet/Content/StarterContent/Textures/T_Wood_Walnut_N.uexp" 840
"C:/Users/wdo/Documents/Unreal/projet/Content/StarterContent/Textures/T_Wood_Walnut_N.ubulk" 841
"C:/Users/wdo/Documents/Unreal/projet/Content/StarterContent/Materials/M_Wood_Walnut.uasset" 842
"C:/Users/wdo/Documents/Unreal/projet/Content/StarterContent/Materials/M_Wood_Walnut.uexp" 843
"C:/Users/wdo/Documents/Unreal/projet/Content/StarterContent/Textures/T_Metal_Gold_N.uasset" 844
"C:/Users/wdo/Documents/Unreal/projet/Content/StarterContent/Textures/T_Metal_Gold_N.uexp" 845
"C:/Users/wdo/Documents/Unreal/projet/Content/StarterContent/Textures/T_Metal_Gold_N.ubulk" 846
"C:/Users/wdo/Documents/Unreal/projet/Content/StarterContent/Textures/T_Metal_Gold_D.uasset" 847
"C:/Users/wdo/Documents/Unreal/projet/Content/StarterContent/Textures/T_Metal_Gold_D.uexp" 848
"C:/Users/wdo/Documents/Unreal/projet/Content/StarterContent/Textures/T_Metal_Gold_D.ubulk" 849
"C:/Users/wdo/Documents/Unreal/projet/Content/StarterContent/Materials/M_Metal_Gold.uasset" 850
"C:/Users/wdo/Documents/Unreal/projet/Content/StarterContent/Materials/M_Metal_Gold.uexp" 851
"C:/Users/wdo/Documents/Unreal/projet/Content/projetUniv/perso/accessoires/coupe.uasset" 852
"C:/Users/wdo/Documents/Unreal/projet/Content/projetUniv/perso/accessoires/coupe.uexp" 853
"C:/Users/wdo/Documents/Unreal/projet/Content/projetUniv/carte/patron.uexp" 854
"C:/Users/wdo/Documents/Unreal/projet/Content/projetUniv/carte/patron.umap" 855
"C:/Users/wdo/Documents/Unreal/projet/Content/projetUniv/carte/seulementUn.uexp" 856
"C:/Users/wdo/Documents/Unreal/projet/Content/projetUniv/carte/seulementUn.umap" 857
"../../../Engine/Content/Maps/Entry_BuiltData.uasset" 858
"../../../Engine/Content/Maps/Entry_BuiltData.uexp" 859
"../../../Engine/Content/Maps/Entry.uexp" 860
"../../../Engine/Content/Maps/Entry.umap" 861
